# JRE version: OpenJDK Runtime Environment (11.0.11+9) (build 11.0.11+9-Ubuntu-0ubuntu2.20.04)
# Java VM: OpenJDK 64-Bit Server VM (11.0.11+9-Ubuntu-0ubuntu2.20.04, mixed mode, sharing, tiered, compressed oops, g1 gc, linux-amd64)
Heap:
 garbage-first heap   total 95232K, used 40942K [0x00000000c2800000, 0x0000000100000000)
  region size 1024K, 35 young (35840K), 5 survivors (5120K)
 Metaspace       used 23697K, capacity 24417K, committed 24496K, reserved 1071104K
  class space    used 2775K, capacity 3042K, committed 3072K, reserved 1048576K
GC Heap History (14 events):
Event: 0,595 GC heap before
{Heap before GC invocations=0 (full 0):
 garbage-first heap   total 65536K, used 6856K [0x00000000c2800000, 0x0000000100000000)
  region size 1024K, 7 young (7168K), 0 survivors (0K)
 Metaspace       used 2166K, capacity 5688K, committed 6016K, reserved 1056768K
  class space    used 224K, capacity 578K, committed 640K, reserved 1048576K
}
Event: 0,609 GC heap after
{Heap after GC invocations=1 (full 0):
 garbage-first heap   total 65536K, used 2983K [0x00000000c2800000, 0x0000000100000000)
  region size 1024K, 1 young (1024K), 1 survivors (1024K)
 Metaspace       used 2166K, capacity 5688K, committed 6016K, reserved 1056768K
  class space    used 224K, capacity 578K, committed 640K, reserved 1048576K
}
Event: 0,705 GC heap before
{Heap before GC invocations=1 (full 0):
 garbage-first heap   total 65536K, used 4007K [0x00000000c2800000, 0x0000000100000000)
  region size 1024K, 3 young (3072K), 1 survivors (1024K)
 Metaspace       used 2667K, capacity 5969K, committed 6016K, reserved 1056768K
  class space    used 303K, capacity 632K, committed 640K, reserved 1048576K
}
Event: 0,727 GC heap after
{Heap after GC invocations=2 (full 0):
 garbage-first heap   total 65536K, used 3260K [0x00000000c2800000, 0x0000000100000000)
  region size 1024K, 1 young (1024K), 1 survivors (1024K)
 Metaspace       used 2667K, capacity 5969K, committed 6016K, reserved 1056768K
  class space    used 303K, capacity 632K, committed 640K, reserved 1048576K
}
Event: 1,081 GC heap before
{Heap before GC invocations=2 (full 0):
 garbage-first heap   total 65536K, used 12476K [0x00000000c2800000, 0x0000000100000000)
  region size 1024K, 11 young (11264K), 1 survivors (1024K)
 Metaspace       used 4712K, capacity 7418K, committed 7552K, reserved 1056768K
  class space    used 584K, capacity 859K, committed 896K, reserved 1048576K
}
Event: 1,085 GC heap after
{Heap after GC invocations=3 (full 0):
 garbage-first heap   total 65536K, used 3657K [0x00000000c2800000, 0x0000000100000000)
  region size 1024K, 1 young (1024K), 1 survivors (1024K)
 Metaspace       used 4712K, capacity 7418K, committed 7552K, reserved 1056768K
  class space    used 584K, capacity 859K, committed 896K, reserved 1048576K
}
Event: 1,680 GC heap before
{Heap before GC invocations=3 (full 0):
 garbage-first heap   total 65536K, used 26185K [0x00000000c2800000, 0x0000000100000000)
  region size 1024K, 23 young (23552K), 1 survivors (1024K)
 Metaspace       used 7877K, capacity 10272K, committed 10496K, reserved 1058816K
  class space    used 975K, capacity 1255K, committed 1280K, reserved 1048576K
}
Event: 1,687 GC heap after
{Heap after GC invocations=4 (full 0):
 garbage-first heap   total 65536K, used 4574K [0x00000000c2800000, 0x0000000100000000)
  region size 1024K, 2 young (2048K), 2 survivors (2048K)
 Metaspace       used 7877K, capacity 10272K, committed 10496K, reserved 1058816K
  class space    used 975K, capacity 1255K, committed 1280K, reserved 1048576K
}
Event: 2,781 GC heap before
{Heap before GC invocations=4 (full 0):
 garbage-first heap   total 65536K, used 32222K [0x00000000c2800000, 0x0000000100000000)
  region size 1024K, 29 young (29696K), 2 survivors (2048K)
 Metaspace       used 12369K, capacity 14045K, committed 14336K, reserved 1062912K
  class space    used 1485K, capacity 1688K, committed 1792K, reserved 1048576K
}
Event: 2,799 GC heap after
{Heap after GC invocations=5 (full 0):
 garbage-first heap   total 95232K, used 7101K [0x00000000c2800000, 0x0000000100000000)
  region size 1024K, 4 young (4096K), 4 survivors (4096K)
 Metaspace       used 12369K, capacity 14045K, committed 14336K, reserved 1062912K
  class space    used 1485K, capacity 1688K, committed 1792K, reserved 1048576K
}
Event: 3,739 GC heap before
{Heap before GC invocations=5 (full 0):
 garbage-first heap   total 95232K, used 42941K [0x00000000c2800000, 0x0000000100000000)
  region size 1024K, 40 young (40960K), 4 survivors (4096K)
 Metaspace       used 13604K, capacity 15183K, committed 15488K, reserved 1062912K
  class space    used 1601K, capacity 1831K, committed 1920K, reserved 1048576K
}
Event: 3,766 GC heap after
{Heap after GC invocations=6 (full 0):
 garbage-first heap   total 95232K, used 9296K [0x00000000c2800000, 0x0000000100000000)
  region size 1024K, 3 young (3072K), 3 survivors (3072K)
 Metaspace       used 13604K, capacity 15183K, committed 15488K, reserved 1062912K
  class space    used 1601K, capacity 1831K, committed 1920K, reserved 1048576K
}
Event: 4,482 GC heap before
{Heap before GC invocations=6 (full 0):
 garbage-first heap   total 95232K, used 28752K [0x00000000c2800000, 0x0000000100000000)
  region size 1024K, 23 young (23552K), 3 survivors (3072K)
 Metaspace       used 19861K, capacity 21017K, committed 21296K, reserved 1069056K
  class space    used 2376K, capacity 2591K, committed 2688K, reserved 1048576K
}
Event: 4,497 GC heap after
{Heap after GC invocations=7 (full 0):
 garbage-first heap   total 95232K, used 11246K [0x00000000c2800000, 0x0000000100000000)
  region size 1024K, 5 young (5120K), 5 survivors (5120K)
 Metaspace       used 19861K, capacity 21017K, committed 21296K, reserved 1069056K
  class space    used 2376K, capacity 2591K, committed 2688K, reserved 1048576K
}

