# JRE version: OpenJDK Runtime Environment (11.0.11+9) (build 11.0.11+9-Ubuntu-0ubuntu2.20.04)
# Java VM: OpenJDK 64-Bit Server VM (11.0.11+9-Ubuntu-0ubuntu2.20.04, mixed mode, sharing, tiered, compressed oops, g1 gc, linux-amd64)
Heap:
 garbage-first heap   total 93184K, used 15277K [0x00000000c2800000, 0x0000000100000000)
  region size 1024K, 9 young (9216K), 4 survivors (4096K)
 Metaspace       used 19047K, capacity 21361K, committed 21628K, reserved 1069056K
  class space    used 2496K, capacity 2709K, committed 2816K, reserved 1048576K
GC Heap History (14 events):
Event: 0,712 GC heap before
{Heap before GC invocations=0 (full 0):
 garbage-first heap   total 65536K, used 6856K [0x00000000c2800000, 0x0000000100000000)
  region size 1024K, 7 young (7168K), 0 survivors (0K)
 Metaspace       used 1969K, capacity 5662K, committed 5760K, reserved 1056768K
  class space    used 213K, capacity 548K, committed 640K, reserved 1048576K
}
Event: 0,731 GC heap after
{Heap after GC invocations=1 (full 0):
 garbage-first heap   total 65536K, used 2934K [0x00000000c2800000, 0x0000000100000000)
  region size 1024K, 1 young (1024K), 1 survivors (1024K)
 Metaspace       used 1969K, capacity 5662K, committed 5760K, reserved 1056768K
  class space    used 213K, capacity 548K, committed 640K, reserved 1048576K
}
Event: 1,003 GC heap before
{Heap before GC invocations=1 (full 0):
 garbage-first heap   total 65536K, used 6006K [0x00000000c2800000, 0x0000000100000000)
  region size 1024K, 4 young (4096K), 1 survivors (1024K)
 Metaspace       used 2592K, capacity 6161K, committed 6272K, reserved 1056768K
  class space    used 314K, capacity 632K, committed 640K, reserved 1048576K
}
Event: 1,023 GC heap after
{Heap after GC invocations=2 (full 0):
 garbage-first heap   total 65536K, used 3304K [0x00000000c2800000, 0x0000000100000000)
  region size 1024K, 1 young (1024K), 1 survivors (1024K)
 Metaspace       used 2592K, capacity 6161K, committed 6272K, reserved 1056768K
  class space    used 314K, capacity 632K, committed 640K, reserved 1048576K
}
Event: 1,854 GC heap before
{Heap before GC invocations=2 (full 0):
 garbage-first heap   total 65536K, used 14568K [0x00000000c2800000, 0x0000000100000000)
  region size 1024K, 12 young (12288K), 1 survivors (1024K)
 Metaspace       used 4573K, capacity 7709K, committed 7808K, reserved 1056768K
  class space    used 616K, capacity 892K, committed 896K, reserved 1048576K
}
Event: 1,859 GC heap after
{Heap after GC invocations=3 (full 0):
 garbage-first heap   total 65536K, used 3781K [0x00000000c2800000, 0x0000000100000000)
  region size 1024K, 1 young (1024K), 1 survivors (1024K)
 Metaspace       used 4573K, capacity 7709K, committed 7808K, reserved 1056768K
  class space    used 616K, capacity 892K, committed 896K, reserved 1048576K
}
Event: 3,177 GC heap before
{Heap before GC invocations=3 (full 0):
 garbage-first heap   total 65536K, used 29381K [0x00000000c2800000, 0x0000000100000000)
  region size 1024K, 27 young (27648K), 1 survivors (1024K)
 Metaspace       used 7839K, capacity 10887K, committed 11136K, reserved 1058816K
  class space    used 1076K, capacity 1352K, committed 1408K, reserved 1048576K
}
Event: 3,184 GC heap after
{Heap after GC invocations=4 (full 0):
 garbage-first heap   total 65536K, used 4846K [0x00000000c2800000, 0x0000000100000000)
  region size 1024K, 2 young (2048K), 2 survivors (2048K)
 Metaspace       used 7839K, capacity 10887K, committed 11136K, reserved 1058816K
  class space    used 1076K, capacity 1352K, committed 1408K, reserved 1048576K
}
Event: 5,873 GC heap before
{Heap before GC invocations=4 (full 0):
 garbage-first heap   total 65536K, used 35566K [0x00000000c2800000, 0x0000000100000000)
  region size 1024K, 32 young (32768K), 2 survivors (2048K)
 Metaspace       used 11858K, capacity 14457K, committed 14720K, reserved 1062912K
  class space    used 1590K, capacity 1826K, committed 1920K, reserved 1048576K
}
Event: 5,917 GC heap after
{Heap after GC invocations=5 (full 0):
 garbage-first heap   total 65536K, used 7111K [0x00000000c2800000, 0x0000000100000000)
  region size 1024K, 4 young (4096K), 4 survivors (4096K)
 Metaspace       used 11858K, capacity 14457K, committed 14720K, reserved 1062912K
  class space    used 1590K, capacity 1826K, committed 1920K, reserved 1048576K
}
Event: 7,059 GC heap before
{Heap before GC invocations=5 (full 0):
 garbage-first heap   total 65536K, used 38855K [0x00000000c2800000, 0x0000000100000000)
  region size 1024K, 35 young (35840K), 4 survivors (4096K)
 Metaspace       used 12106K, capacity 14705K, committed 14976K, reserved 1062912K
  class space    used 1622K, capacity 1866K, committed 1920K, reserved 1048576K
}
Event: 7,101 GC heap after
{Heap after GC invocations=6 (full 0):
 garbage-first heap   total 93184K, used 9082K [0x00000000c2800000, 0x0000000100000000)
  region size 1024K, 5 young (5120K), 5 survivors (5120K)
 Metaspace       used 12106K, capacity 14705K, committed 14976K, reserved 1062912K
  class space    used 1622K, capacity 1866K, committed 1920K, reserved 1048576K
}
Event: 8,282 GC heap before
{Heap before GC invocations=6 (full 0):
 garbage-first heap   total 93184K, used 26490K [0x00000000c2800000, 0x0000000100000000)
  region size 1024K, 23 young (23552K), 5 survivors (5120K)
 Metaspace       used 18784K, capacity 21104K, committed 21296K, reserved 1069056K
  class space    used 2466K, capacity 2666K, committed 2688K, reserved 1048576K
}
Event: 8,332 GC heap after
{Heap after GC invocations=7 (full 0):
 garbage-first heap   total 93184K, used 11181K [0x00000000c2800000, 0x0000000100000000)
  region size 1024K, 4 young (4096K), 4 survivors (4096K)
 Metaspace       used 18784K, capacity 21104K, committed 21296K, reserved 1069056K
  class space    used 2466K, capacity 2666K, committed 2688K, reserved 1048576K
}

