<?xml version="1.0" encoding="UTF-8"?>
<testsuite xmlns:xsi="http://www.w3.org/2001/XMLSchema-instance" xsi:noNamespaceSchemaLocation="https://maven.apache.org/surefire/maven-surefire-plugin/xsd/surefire-test-report.xsd" name="asteroids.AsteroidsTest" time="0.466" tests="4" errors="0" skipped="0" failures="2">
  <properties>
[...]
</properties>
  <testcase name="part1Done" classname="asteroids.AsteroidsTest" time="0.085"/>
  <testcase name="part2Done" classname="asteroids.AsteroidsTest" time="0.002"/>
  <testcase name="part3Done" classname="asteroids.AsteroidsTest" time="0.02">
    <failure type="junit.framework.AssertionFailedError">junit.framework.AssertionFailedError
	at asteroids.AsteroidsTest.part3Done(AsteroidsTest.java:24)
</failure>
  </testcase>
  <testcase name="part4Done" classname="asteroids.AsteroidsTest" time="0.008">
    <failure type="junit.framework.AssertionFailedError">junit.framework.AssertionFailedError
	at asteroids.AsteroidsTest.part4Done(AsteroidsTest.java:30)
</failure>
  </testcase>
</testsuite>