<?xml version="1.0" encoding="UTF-8"?>
<testsuite xmlns:xsi="http://www.w3.org/2001/XMLSchema-instance" xsi:noNamespaceSchemaLocation="https://maven.apache.org/surefire/maven-surefire-plugin/xsd/surefire-test-report.xsd" name="asteroids.AsteroidsTest" time="0.466" tests="4" errors="0" skipped="0" failures="2">
  <properties>
    <property name="awt.toolkit" value="sun.awt.X11.XToolkit"/>
    <property name="java.specification.version" value="11"/>
    <property name="sun.cpu.isalist" value=""/>
    <property name="sun.jnu.encoding" value="UTF-8"/>
    <property name="java.class.path" value="/home/danil/NetBeansProjects/mooc-java-programming-ii/part14-Part14_09.Asteroids/target/test-classes:/home/danil/NetBeansProjects/mooc-java-programming-ii/part14-Part14_09.Asteroids/target/classes:/home/danil/.m2/repository/junit/junit/4.12/junit-4.12.jar:/home/danil/.m2/repository/org/hamcrest/hamcrest-core/1.3/hamcrest-core-1.3.jar:/home/danil/.m2/repository/fi/helsinki/cs/tmc/edu-test-utils/0.4.2/edu-test-utils-0.4.2.jar:/home/danil/.m2/repository/org/testfx/testfx-junit/4.0.15-alpha/testfx-junit-4.0.15-alpha.jar:/home/danil/.m2/repository/org/testfx/testfx-core/4.0.15-alpha/testfx-core-4.0.15-alpha.jar:/home/danil/.m2/repository/org/assertj/assertj-core/3.11.1/assertj-core-3.11.1.jar:/home/danil/.m2/repository/org/testfx/openjfx-monocle/jdk-11+26/openjfx-monocle-jdk-11+26.jar:/home/danil/.m2/repository/org/openjfx/javafx-base/11-ea+25/javafx-base-11-ea+25-win.jar:/home/danil/.m2/repository/org/openjfx/javafx-controls/11-ea+25/javafx-controls-11-ea+25-win.jar:/home/danil/.m2/repository/org/openjfx/javafx-graphics/11-ea+25/javafx-graphics-11-ea+25-win.jar:/home/danil/.m2/repository/org/openjfx/javafx-graphics/11-ea+25/javafx-graphics-11-ea+25-linux.jar:/home/danil/.m2/repository/org/openjfx/javafx-base/11.0.2/javafx-base-11.0.2.jar:/home/danil/.m2/repository/org/openjfx/javafx-base/11.0.2/javafx-base-11.0.2-linux.jar:/home/danil/.m2/repository/org/openjfx/javafx-controls/11.0.2/javafx-controls-11.0.2.jar:/home/danil/.m2/repository/org/openjfx/javafx-controls/11.0.2/javafx-controls-11.0.2-linux.jar:/home/danil/.m2/repository/org/openjfx/javafx-graphics/11.0.2/javafx-graphics-11.0.2.jar:"/>
    <property name="java.vm.vendor" value="Ubuntu"/>
    <property name="sun.arch.data.model" value="64"/>
    <property name="java.vendor.url" value="https://ubuntu.com/"/>
    <property name="user.timezone" value=""/>
    <property name="java.vm.specification.version" value="11"/>
    <property name="os.name" value="Linux"/>
    <property name="sun.java.launcher" value="SUN_STANDARD"/>
    <property name="user.country" value="US"/>
    <property name="sun.boot.library.path" value="/usr/lib/jvm/java-11-openjdk-amd64/lib"/>
    <property name="sun.java.command" value="/home/danil/NetBeansProjects/mooc-java-programming-ii/part14-Part14_09.Asteroids/target/surefire/surefirebooter1205185063952812430.jar /home/danil/NetBeansProjects/mooc-java-programming-ii/part14-Part14_09.Asteroids/target/surefire 2021-12-06T18-59-47_511-jvmRun1 surefire2745551382493616211tmp surefire_04842238390942635913tmp"/>
    <property name="jdk.debug" value="release"/>
    <property name="surefire.test.class.path" value="/home/danil/NetBeansProjects/mooc-java-programming-ii/part14-Part14_09.Asteroids/target/test-classes:/home/danil/NetBeansProjects/mooc-java-programming-ii/part14-Part14_09.Asteroids/target/classes:/home/danil/.m2/repository/junit/junit/4.12/junit-4.12.jar:/home/danil/.m2/repository/org/hamcrest/hamcrest-core/1.3/hamcrest-core-1.3.jar:/home/danil/.m2/repository/fi/helsinki/cs/tmc/edu-test-utils/0.4.2/edu-test-utils-0.4.2.jar:/home/danil/.m2/repository/org/testfx/testfx-junit/4.0.15-alpha/testfx-junit-4.0.15-alpha.jar:/home/danil/.m2/repository/org/testfx/testfx-core/4.0.15-alpha/testfx-core-4.0.15-alpha.jar:/home/danil/.m2/repository/org/assertj/assertj-core/3.11.1/assertj-core-3.11.1.jar:/home/danil/.m2/repository/org/testfx/openjfx-monocle/jdk-11+26/openjfx-monocle-jdk-11+26.jar:/home/danil/.m2/repository/org/openjfx/javafx-base/11-ea+25/javafx-base-11-ea+25-win.jar:/home/danil/.m2/repository/org/openjfx/javafx-controls/11-ea+25/javafx-controls-11-ea+25-win.jar:/home/danil/.m2/repository/org/openjfx/javafx-graphics/11-ea+25/javafx-graphics-11-ea+25-win.jar:/home/danil/.m2/repository/org/openjfx/javafx-graphics/11-ea+25/javafx-graphics-11-ea+25-linux.jar:/home/danil/.m2/repository/org/openjfx/javafx-base/11.0.2/javafx-base-11.0.2.jar:/home/danil/.m2/repository/org/openjfx/javafx-base/11.0.2/javafx-base-11.0.2-linux.jar:/home/danil/.m2/repository/org/openjfx/javafx-controls/11.0.2/javafx-controls-11.0.2.jar:/home/danil/.m2/repository/org/openjfx/javafx-controls/11.0.2/javafx-controls-11.0.2-linux.jar:/home/danil/.m2/repository/org/openjfx/javafx-graphics/11.0.2/javafx-graphics-11.0.2.jar:"/>
    <property name="sun.cpu.endian" value="little"/>
    <property name="user.home" value="/home/danil"/>
    <property name="user.language" value="en"/>
    <property name="java.specification.vendor" value="Oracle Corporation"/>
    <property name="java.version.date" value="2021-04-20"/>
    <property name="java.home" value="/usr/lib/jvm/java-11-openjdk-amd64"/>
    <property name="file.separator" value="/"/>
    <property name="basedir" value="/home/danil/NetBeansProjects/mooc-java-programming-ii/part14-Part14_09.Asteroids"/>
    <property name="java.vm.compressedOopsMode" value="32-bit"/>
    <property name="line.separator" value="&#10;"/>
    <property name="java.specification.name" value="Java Platform API Specification"/>
    <property name="java.vm.specification.vendor" value="Oracle Corporation"/>
    <property name="java.awt.graphicsenv" value="sun.awt.X11GraphicsEnvironment"/>
    <property name="surefire.real.class.path" value="/home/danil/NetBeansProjects/mooc-java-programming-ii/part14-Part14_09.Asteroids/target/surefire/surefirebooter1205185063952812430.jar"/>
    <property name="jdk.net.URLClassPath.disableClassPathURLCheck" value="true"/>
    <property name="sun.management.compiler" value="HotSpot 64-Bit Tiered Compilers"/>
    <property name="java.runtime.version" value="11.0.11+9-Ubuntu-0ubuntu2.20.04"/>
    <property name="user.name" value="danil"/>
    <property name="path.separator" value=":"/>
    <property name="os.version" value="5.11.0-41-generic"/>
    <property name="java.runtime.name" value="OpenJDK Runtime Environment"/>
    <property name="file.encoding" value="UTF-8"/>
    <property name="java.vm.name" value="OpenJDK 64-Bit Server VM"/>
    <property name="localRepository" value="/home/danil/.m2/repository"/>
    <property name="java.vendor.url.bug" value="https://bugs.launchpad.net/ubuntu/+source/openjdk-lts"/>
    <property name="java.io.tmpdir" value="/tmp"/>
    <property name="java.version" value="11.0.11"/>
    <property name="user.dir" value="/home/danil/NetBeansProjects/mooc-java-programming-ii/part14-Part14_09.Asteroids"/>
    <property name="os.arch" value="amd64"/>
    <property name="java.vm.specification.name" value="Java Virtual Machine Specification"/>
    <property name="java.awt.printerjob" value="sun.print.PSPrinterJob"/>
    <property name="sun.os.patch.level" value="unknown"/>
    <property name="java.library.path" value="/usr/java/packages/lib:/usr/lib/x86_64-linux-gnu/jni:/lib/x86_64-linux-gnu:/usr/lib/x86_64-linux-gnu:/usr/lib/jni:/lib:/usr/lib"/>
    <property name="java.vm.info" value="mixed mode, sharing"/>
    <property name="java.vendor" value="Ubuntu"/>
    <property name="java.vm.version" value="11.0.11+9-Ubuntu-0ubuntu2.20.04"/>
    <property name="sun.io.unicode.encoding" value="UnicodeLittle"/>
    <property name="java.class.version" value="55.0"/>
  </properties>
  <testcase name="part1Done" classname="asteroids.AsteroidsTest" time="0.085"/>
  <testcase name="part2Done" classname="asteroids.AsteroidsTest" time="0.002"/>
  <testcase name="part3Done" classname="asteroids.AsteroidsTest" time="0.02">
    <failure type="junit.framework.AssertionFailedError">junit.framework.AssertionFailedError
	at asteroids.AsteroidsTest.part3Done(AsteroidsTest.java:24)
</failure>
  </testcase>
  <testcase name="part4Done" classname="asteroids.AsteroidsTest" time="0.008">
    <failure type="junit.framework.AssertionFailedError">junit.framework.AssertionFailedError
	at asteroids.AsteroidsTest.part4Done(AsteroidsTest.java:30)
</failure>
  </testcase>
</testsuite>