# JRE version: OpenJDK Runtime Environment (11.0.11+9) (build 11.0.11+9-Ubuntu-0ubuntu2.20.04)
# Java VM: OpenJDK 64-Bit Server VM (11.0.11+9-Ubuntu-0ubuntu2.20.04, mixed mode, sharing, tiered, compressed oops, g1 gc, linux-amd64)
Heap:
 garbage-first heap   total 94208K, used 18407K [0x00000000c2800000, 0x0000000100000000)
  region size 1024K, 15 young (15360K), 5 survivors (5120K)
 Metaspace       used 13140K, capacity 14668K, committed 15104K, reserved 1062912K
  class space    used 1503K, capacity 1724K, committed 1792K, reserved 1048576K
GC Heap History (12 events):
Event: 0,508 GC heap before
{Heap before GC invocations=0 (full 0):
 garbage-first heap   total 65536K, used 6856K [0x00000000c2800000, 0x0000000100000000)
  region size 1024K, 7 young (7168K), 0 survivors (0K)
 Metaspace       used 2123K, capacity 5624K, committed 5760K, reserved 1056768K
  class space    used 222K, capacity 578K, committed 640K, reserved 1048576K
}
Event: 0,528 GC heap after
{Heap after GC invocations=1 (full 0):
 garbage-first heap   total 65536K, used 2836K [0x00000000c2800000, 0x0000000100000000)
  region size 1024K, 1 young (1024K), 1 survivors (1024K)
 Metaspace       used 2123K, capacity 5624K, committed 5760K, reserved 1056768K
  class space    used 222K, capacity 578K, committed 640K, reserved 1048576K
}
Event: 0,687 GC heap before
{Heap before GC invocations=1 (full 0):
 garbage-first heap   total 65536K, used 5908K [0x00000000c2800000, 0x0000000100000000)
  region size 1024K, 4 young (4096K), 1 survivors (1024K)
 Metaspace       used 2960K, capacity 6193K, committed 6400K, reserved 1056768K
  class space    used 343K, capacity 664K, committed 768K, reserved 1048576K
}
Event: 0,700 GC heap after
{Heap after GC invocations=2 (full 0):
 garbage-first heap   total 65536K, used 3253K [0x00000000c2800000, 0x0000000100000000)
  region size 1024K, 1 young (1024K), 1 survivors (1024K)
 Metaspace       used 2960K, capacity 6193K, committed 6400K, reserved 1056768K
  class space    used 343K, capacity 664K, committed 768K, reserved 1048576K
}
Event: 1,076 GC heap before
{Heap before GC invocations=2 (full 0):
 garbage-first heap   total 65536K, used 13493K [0x00000000c2800000, 0x0000000100000000)
  region size 1024K, 11 young (11264K), 1 survivors (1024K)
 Metaspace       used 4750K, capacity 7418K, committed 7552K, reserved 1056768K
  class space    used 585K, capacity 859K, committed 896K, reserved 1048576K
}
Event: 1,080 GC heap after
{Heap after GC invocations=3 (full 0):
 garbage-first heap   total 65536K, used 3689K [0x00000000c2800000, 0x0000000100000000)
  region size 1024K, 1 young (1024K), 1 survivors (1024K)
 Metaspace       used 4750K, capacity 7418K, committed 7552K, reserved 1056768K
  class space    used 585K, capacity 859K, committed 896K, reserved 1048576K
}
Event: 2,272 GC heap before
{Heap before GC invocations=3 (full 0):
 garbage-first heap   total 65536K, used 26217K [0x00000000c2800000, 0x0000000100000000)
  region size 1024K, 23 young (23552K), 1 survivors (1024K)
 Metaspace       used 8086K, capacity 10496K, committed 10880K, reserved 1058816K
  class space    used 999K, capacity 1287K, committed 1408K, reserved 1048576K
}
Event: 2,284 GC heap after
{Heap after GC invocations=4 (full 0):
 garbage-first heap   total 65536K, used 4661K [0x00000000c2800000, 0x0000000100000000)
  region size 1024K, 2 young (2048K), 2 survivors (2048K)
 Metaspace       used 8086K, capacity 10496K, committed 10880K, reserved 1058816K
  class space    used 999K, capacity 1287K, committed 1408K, reserved 1048576K
}
Event: 4,342 GC heap before
{Heap before GC invocations=4 (full 0):
 garbage-first heap   total 65536K, used 32309K [0x00000000c2800000, 0x0000000100000000)
  region size 1024K, 29 young (29696K), 2 survivors (2048K)
 Metaspace       used 12519K, capacity 14205K, committed 14592K, reserved 1062912K
  class space    used 1485K, capacity 1720K, committed 1792K, reserved 1048576K
}
Event: 4,359 GC heap after
{Heap after GC invocations=5 (full 0):
 garbage-first heap   total 94208K, used 6985K [0x00000000c2800000, 0x0000000100000000)
  region size 1024K, 4 young (4096K), 4 survivors (4096K)
 Metaspace       used 12519K, capacity 14205K, committed 14592K, reserved 1062912K
  class space    used 1485K, capacity 1720K, committed 1792K, reserved 1048576K
}
Event: 5,823 GC heap before
{Heap before GC invocations=5 (full 0):
 garbage-first heap   total 94208K, used 44873K [0x00000000c2800000, 0x0000000100000000)
  region size 1024K, 41 young (41984K), 4 survivors (4096K)
 Metaspace       used 13076K, capacity 14600K, committed 14848K, reserved 1062912K
  class space    used 1502K, capacity 1723K, committed 1792K, reserved 1048576K
}
Event: 5,845 GC heap after
{Heap after GC invocations=6 (full 0):
 garbage-first heap   total 94208K, used 9191K [0x00000000c2800000, 0x0000000100000000)
  region size 1024K, 5 young (5120K), 5 survivors (5120K)
 Metaspace       used 13076K, capacity 14600K, committed 14848K, reserved 1062912K
  class space    used 1502K, capacity 1723K, committed 1792K, reserved 1048576K
}

